c:\users\matthew\documents\_ucsd\cse 167\cse167final\glfwstarterproject\x64\release\vc141.pdb
c:\users\matthew\documents\_ucsd\cse 167\cse167final\glfwstarterproject\x64\release\window.obj
c:\users\matthew\documents\_ucsd\cse 167\cse167final\glfwstarterproject\x64\release\waterquad.obj
c:\users\matthew\documents\_ucsd\cse 167\cse167final\glfwstarterproject\x64\release\terrain.obj
c:\users\matthew\documents\_ucsd\cse 167\cse167final\glfwstarterproject\x64\release\skybox.obj
c:\users\matthew\documents\_ucsd\cse 167\cse167final\glfwstarterproject\x64\release\shader.obj
c:\users\matthew\documents\_ucsd\cse 167\cse167final\glfwstarterproject\x64\release\objobject.obj
c:\users\matthew\documents\_ucsd\cse 167\cse167final\glfwstarterproject\x64\release\main.obj
c:\users\matthew\documents\_ucsd\cse 167\cse167final\glfwstarterproject\x64\release\boundingbox.obj
c:\users\matthew\documents\_ucsd\cse 167\cse167final\x64\release\glfwstarterproject.ipdb
c:\users\matthew\documents\_ucsd\cse 167\cse167final\x64\release\glfwstarterproject.iobj
c:\users\matthew\documents\_ucsd\cse 167\cse167final\x64\release\glfwstarterproject.exe
c:\users\matthew\documents\_ucsd\cse 167\cse167final\x64\release\glfwstarterproject.pdb
c:\users\matthew\documents\_ucsd\cse 167\cse167final\glfwstarterproject\x64\release\glfwstar.ebf1e546.tlog\cl.command.1.tlog
c:\users\matthew\documents\_ucsd\cse 167\cse167final\glfwstarterproject\x64\release\glfwstar.ebf1e546.tlog\cl.read.1.tlog
c:\users\matthew\documents\_ucsd\cse 167\cse167final\glfwstarterproject\x64\release\glfwstar.ebf1e546.tlog\cl.write.1.tlog
c:\users\matthew\documents\_ucsd\cse 167\cse167final\glfwstarterproject\x64\release\glfwstar.ebf1e546.tlog\glfwstarterproject.write.1u.tlog
c:\users\matthew\documents\_ucsd\cse 167\cse167final\glfwstarterproject\x64\release\glfwstar.ebf1e546.tlog\link.command.1.tlog
c:\users\matthew\documents\_ucsd\cse 167\cse167final\glfwstarterproject\x64\release\glfwstar.ebf1e546.tlog\link.read.1.tlog
c:\users\matthew\documents\_ucsd\cse 167\cse167final\glfwstarterproject\x64\release\glfwstar.ebf1e546.tlog\link.write.1.tlog
