c:\users\matthew\documents\_ucsd\cse 167\cse167code3\glfwstarterproject\x64\debug\vc141.pdb
c:\users\matthew\documents\_ucsd\cse 167\cse167code3\glfwstarterproject\x64\debug\vc141.idb
c:\users\matthew\documents\_ucsd\cse 167\cse167code3\glfwstarterproject\x64\debug\main.obj
c:\users\matthew\documents\_ucsd\cse 167\cse167code3\glfwstarterproject\x64\debug\objobject.obj
c:\users\matthew\documents\_ucsd\cse 167\cse167code3\glfwstarterproject\x64\debug\scenegraph.obj
c:\users\matthew\documents\_ucsd\cse 167\cse167code3\glfwstarterproject\x64\debug\shader.obj
c:\users\matthew\documents\_ucsd\cse 167\cse167code3\glfwstarterproject\x64\debug\skybox.obj
c:\users\matthew\documents\_ucsd\cse 167\cse167code3\glfwstarterproject\x64\debug\window.obj
c:\users\matthew\documents\_ucsd\cse 167\cse167final\glfwstarterproject\x64\debug\vc141.pdb
c:\users\matthew\documents\_ucsd\cse 167\cse167final\glfwstarterproject\x64\debug\vc141.idb
c:\users\matthew\documents\_ucsd\cse 167\cse167final\glfwstarterproject\x64\debug\main.obj
c:\users\matthew\documents\_ucsd\cse 167\cse167final\glfwstarterproject\x64\debug\shader.obj
c:\users\matthew\documents\_ucsd\cse 167\cse167final\glfwstarterproject\x64\debug\skybox.obj
c:\users\matthew\documents\_ucsd\cse 167\cse167final\glfwstarterproject\x64\debug\window.obj
c:\users\matthew\documents\_ucsd\cse 167\cse167code3\x64\debug\glfwstarterproject.ilk
c:\users\matthew\documents\_ucsd\cse 167\cse167code3\x64\debug\glfwstarterproject.exe
c:\users\matthew\documents\_ucsd\cse 167\cse167code3\x64\debug\glfwstarterproject.pdb
c:\users\matthew\documents\_ucsd\cse 167\cse167final\x64\debug\glfwstarterproject.exe
c:\users\matthew\documents\_ucsd\cse 167\cse167final\x64\debug\glfwstarterproject.ilk
c:\users\matthew\documents\_ucsd\cse 167\cse167final\x64\debug\glfwstarterproject.pdb
c:\users\matthew\documents\_ucsd\cse 167\cse167final\glfwstarterproject\x64\debug\objobject.obj
c:\users\matthew\documents\_ucsd\cse 167\cse167final\glfwstarterproject\x64\debug\scenegraph.obj
c:\users\matthew\documents\_ucsd\cse 167\cse167final\glfwstarterproject\x64\debug\glfwstar.ebf1e546.tlog\cl.command.1.tlog
c:\users\matthew\documents\_ucsd\cse 167\cse167final\glfwstarterproject\x64\debug\glfwstar.ebf1e546.tlog\cl.read.1.tlog
c:\users\matthew\documents\_ucsd\cse 167\cse167final\glfwstarterproject\x64\debug\glfwstar.ebf1e546.tlog\cl.write.1.tlog
c:\users\matthew\documents\_ucsd\cse 167\cse167final\glfwstarterproject\x64\debug\glfwstar.ebf1e546.tlog\link.command.1.tlog
c:\users\matthew\documents\_ucsd\cse 167\cse167final\glfwstarterproject\x64\debug\glfwstar.ebf1e546.tlog\link.read.1.tlog
c:\users\matthew\documents\_ucsd\cse 167\cse167final\glfwstarterproject\x64\debug\glfwstar.ebf1e546.tlog\link.write.1.tlog
